I, [2015-04-24T11:22:46.085122 #23755]  INFO -- Kitchen: -----> Starting Kitchen (v1.3.1)
I, [2015-04-24T11:22:46.970063 #23755]  INFO -- Kitchen: -----> Creating <default-ubuntu-1404>...
I, [2015-04-24T11:26:43.773499 #23755]  INFO -- Kitchen: -----> Kitchen is finished. (3m57.69s)
I, [2015-04-24T11:26:51.549120 #25921]  INFO -- Kitchen: -----> Starting Kitchen (v1.3.1)
I, [2015-04-24T11:26:51.962934 #25921]  INFO -- Kitchen: -----> Converging <default-ubuntu-1404>...
E, [2015-04-24T11:26:52.862683 #25921] ERROR -- Kitchen: ------Exception-------
E, [2015-04-24T11:26:52.862711 #25921] ERROR -- Kitchen: Class: Kitchen::ActionFailed
E, [2015-04-24T11:26:52.862726 #25921] ERROR -- Kitchen: Message: Failed to complete #converge action: [The resource at '/home/prambaud/projects/chef/ruby_install' does not appear to be a valid cookbook. Does it have a metadata.rb?]
E, [2015-04-24T11:26:52.862740 #25921] ERROR -- Kitchen: ---Nested Exception---
E, [2015-04-24T11:26:52.862754 #25921] ERROR -- Kitchen: Class: Berkshelf::NotACookbook
E, [2015-04-24T11:26:52.862768 #25921] ERROR -- Kitchen: Message: The resource at '/home/prambaud/projects/chef/ruby_install' does not appear to be a valid cookbook. Does it have a metadata.rb?
E, [2015-04-24T11:26:52.862786 #25921] ERROR -- Kitchen: ------Backtrace-------
E, [2015-04-24T11:26:52.862827 #25921] ERROR -- Kitchen: /home/prambaud/.rbenv/versions/2.1.5/lib/ruby/gems/2.1.0/gems/berkshelf-3.2.3/lib/berkshelf/locations/base.rb:59:in `validate_cached!'
E, [2015-04-24T11:26:52.862843 #25921] ERROR -- Kitchen: /home/prambaud/.rbenv/versions/2.1.5/lib/ruby/gems/2.1.0/gems/berkshelf-3.2.3/lib/berkshelf/locations/path.rb:16:in `install'
E, [2015-04-24T11:26:52.862859 #25921] ERROR -- Kitchen: /home/prambaud/.rbenv/versions/2.1.5/lib/ruby/gems/2.1.0/gems/berkshelf-3.2.3/lib/berkshelf/installer.rb:184:in `block in download_locations'
E, [2015-04-24T11:26:52.862899 #25921] ERROR -- Kitchen: /home/prambaud/.rbenv/versions/2.1.5/lib/ruby/gems/2.1.0/gems/berkshelf-3.2.3/lib/berkshelf/installer.rb:181:in `each'
E, [2015-04-24T11:26:52.862914 #25921] ERROR -- Kitchen: /home/prambaud/.rbenv/versions/2.1.5/lib/ruby/gems/2.1.0/gems/berkshelf-3.2.3/lib/berkshelf/installer.rb:181:in `download_locations'
E, [2015-04-24T11:26:52.862979 #25921] ERROR -- Kitchen: /home/prambaud/.rbenv/versions/2.1.5/lib/ruby/gems/2.1.0/gems/berkshelf-3.2.3/lib/berkshelf/installer.rb:154:in `install_from_universe'
E, [2015-04-24T11:26:52.862994 #25921] ERROR -- Kitchen: /home/prambaud/.rbenv/versions/2.1.5/lib/ruby/gems/2.1.0/gems/berkshelf-3.2.3/lib/berkshelf/installer.rb:39:in `run'
E, [2015-04-24T11:26:52.863034 #25921] ERROR -- Kitchen: /home/prambaud/.rbenv/versions/2.1.5/lib/ruby/gems/2.1.0/gems/berkshelf-3.2.3/lib/berkshelf/berksfile.rb:374:in `install'
E, [2015-04-24T11:26:52.863057 #25921] ERROR -- Kitchen: /home/prambaud/.rbenv/versions/2.1.5/lib/ruby/gems/2.1.0/gems/berkshelf-3.2.3/lib/berkshelf/berksfile.rb:583:in `block in vendor'
E, [2015-04-24T11:26:52.863076 #25921] ERROR -- Kitchen: /home/prambaud/.rbenv/versions/2.1.5/lib/ruby/2.1.0/tmpdir.rb:88:in `mktmpdir'
E, [2015-04-24T11:26:52.863091 #25921] ERROR -- Kitchen: /home/prambaud/.rbenv/versions/2.1.5/lib/ruby/gems/2.1.0/gems/berkshelf-3.2.3/lib/berkshelf/berksfile.rb:581:in `vendor'
E, [2015-04-24T11:26:52.863105 #25921] ERROR -- Kitchen: /home/prambaud/.rbenv/versions/2.1.5/lib/ruby/gems/2.1.0/gems/test-kitchen-1.3.1/lib/kitchen/provisioner/chef/berkshelf.rb:68:in `block in resolve'
E, [2015-04-24T11:26:52.863118 #25921] ERROR -- Kitchen: /home/prambaud/.rbenv/versions/2.1.5/lib/ruby/gems/2.1.0/gems/thor-0.19.1/lib/thor/shell/basic.rb:20:in `mute'
E, [2015-04-24T11:26:52.863134 #25921] ERROR -- Kitchen: /home/prambaud/.rbenv/versions/2.1.5/lib/ruby/gems/2.1.0/gems/test-kitchen-1.3.1/lib/kitchen/provisioner/chef/berkshelf.rb:64:in `resolve'
E, [2015-04-24T11:26:52.863149 #25921] ERROR -- Kitchen: /home/prambaud/.rbenv/versions/2.1.5/lib/ruby/gems/2.1.0/gems/test-kitchen-1.3.1/lib/kitchen/provisioner/chef_base.rb:430:in `block in resolve_with_berkshelf'
E, [2015-04-24T11:26:52.863172 #25921] ERROR -- Kitchen: /home/prambaud/.rbenv/versions/2.1.5/lib/ruby/gems/2.1.0/gems/test-kitchen-1.3.1/lib/kitchen/provisioner/chef_base.rb:429:in `synchronize'
E, [2015-04-24T11:26:52.863191 #25921] ERROR -- Kitchen: /home/prambaud/.rbenv/versions/2.1.5/lib/ruby/gems/2.1.0/gems/test-kitchen-1.3.1/lib/kitchen/provisioner/chef_base.rb:429:in `resolve_with_berkshelf'
E, [2015-04-24T11:26:52.863209 #25921] ERROR -- Kitchen: /home/prambaud/.rbenv/versions/2.1.5/lib/ruby/gems/2.1.0/gems/test-kitchen-1.3.1/lib/kitchen/provisioner/chef_base.rb:274:in `prepare_cookbooks'
E, [2015-04-24T11:26:52.863229 #25921] ERROR -- Kitchen: /home/prambaud/.rbenv/versions/2.1.5/lib/ruby/gems/2.1.0/gems/test-kitchen-1.3.1/lib/kitchen/provisioner/chef_base.rb:106:in `create_sandbox'
E, [2015-04-24T11:26:52.863243 #25921] ERROR -- Kitchen: /home/prambaud/.rbenv/versions/2.1.5/lib/ruby/gems/2.1.0/gems/test-kitchen-1.3.1/lib/kitchen/provisioner/chef_solo.rb:38:in `create_sandbox'
E, [2015-04-24T11:26:52.863271 #25921] ERROR -- Kitchen: /home/prambaud/.rbenv/versions/2.1.5/lib/ruby/gems/2.1.0/gems/test-kitchen-1.3.1/lib/kitchen/driver/ssh_base.rb:42:in `converge'
E, [2015-04-24T11:26:52.863285 #25921] ERROR -- Kitchen: /home/prambaud/.rbenv/versions/2.1.5/lib/ruby/gems/2.1.0/gems/test-kitchen-1.3.1/lib/kitchen/instance.rb:352:in `public_send'
E, [2015-04-24T11:26:52.863299 #25921] ERROR -- Kitchen: /home/prambaud/.rbenv/versions/2.1.5/lib/ruby/gems/2.1.0/gems/test-kitchen-1.3.1/lib/kitchen/instance.rb:352:in `block in perform_action'
E, [2015-04-24T11:26:52.863313 #25921] ERROR -- Kitchen: /home/prambaud/.rbenv/versions/2.1.5/lib/ruby/gems/2.1.0/gems/test-kitchen-1.3.1/lib/kitchen/instance.rb:416:in `call'
E, [2015-04-24T11:26:52.863326 #25921] ERROR -- Kitchen: /home/prambaud/.rbenv/versions/2.1.5/lib/ruby/gems/2.1.0/gems/test-kitchen-1.3.1/lib/kitchen/instance.rb:416:in `synchronize_or_call'
E, [2015-04-24T11:26:52.863339 #25921] ERROR -- Kitchen: /home/prambaud/.rbenv/versions/2.1.5/lib/ruby/gems/2.1.0/gems/test-kitchen-1.3.1/lib/kitchen/instance.rb:381:in `block in action'
E, [2015-04-24T11:26:52.863353 #25921] ERROR -- Kitchen: /home/prambaud/.rbenv/versions/2.1.5/lib/ruby/2.1.0/benchmark.rb:279:in `measure'
E, [2015-04-24T11:26:52.863366 #25921] ERROR -- Kitchen: /home/prambaud/.rbenv/versions/2.1.5/lib/ruby/gems/2.1.0/gems/test-kitchen-1.3.1/lib/kitchen/instance.rb:380:in `action'
E, [2015-04-24T11:26:52.863380 #25921] ERROR -- Kitchen: /home/prambaud/.rbenv/versions/2.1.5/lib/ruby/gems/2.1.0/gems/test-kitchen-1.3.1/lib/kitchen/instance.rb:352:in `perform_action'
E, [2015-04-24T11:26:52.863393 #25921] ERROR -- Kitchen: /home/prambaud/.rbenv/versions/2.1.5/lib/ruby/gems/2.1.0/gems/test-kitchen-1.3.1/lib/kitchen/instance.rb:312:in `converge_action'
E, [2015-04-24T11:26:52.863406 #25921] ERROR -- Kitchen: /home/prambaud/.rbenv/versions/2.1.5/lib/ruby/gems/2.1.0/gems/test-kitchen-1.3.1/lib/kitchen/instance.rb:292:in `block in transition_to'
E, [2015-04-24T11:26:52.863420 #25921] ERROR -- Kitchen: /home/prambaud/.rbenv/versions/2.1.5/lib/ruby/gems/2.1.0/gems/test-kitchen-1.3.1/lib/kitchen/instance.rb:291:in `each'
E, [2015-04-24T11:26:52.863433 #25921] ERROR -- Kitchen: /home/prambaud/.rbenv/versions/2.1.5/lib/ruby/gems/2.1.0/gems/test-kitchen-1.3.1/lib/kitchen/instance.rb:291:in `transition_to'
E, [2015-04-24T11:26:52.863447 #25921] ERROR -- Kitchen: /home/prambaud/.rbenv/versions/2.1.5/lib/ruby/gems/2.1.0/gems/test-kitchen-1.3.1/lib/kitchen/instance.rb:130:in `converge'
E, [2015-04-24T11:26:52.863460 #25921] ERROR -- Kitchen: /home/prambaud/.rbenv/versions/2.1.5/lib/ruby/gems/2.1.0/gems/test-kitchen-1.3.1/lib/kitchen/command.rb:176:in `public_send'
E, [2015-04-24T11:26:52.863474 #25921] ERROR -- Kitchen: /home/prambaud/.rbenv/versions/2.1.5/lib/ruby/gems/2.1.0/gems/test-kitchen-1.3.1/lib/kitchen/command.rb:176:in `block (2 levels) in run_action'
E, [2015-04-24T11:26:52.863487 #25921] ERROR -- Kitchen: ----------------------
I, [2015-04-24T11:30:00.800081 #26574]  INFO -- Kitchen: -----> Starting Kitchen (v1.3.1)
I, [2015-04-24T11:30:01.141834 #26574]  INFO -- Kitchen: -----> Converging <default-ubuntu-1404>...
E, [2015-04-24T11:33:56.165443 #26574] ERROR -- Kitchen: Converge failed on instance <default-ubuntu-1404>.
I, [2015-04-24T14:14:52.846701 #27722]  INFO -- Kitchen: -----> Starting Kitchen (v1.3.1)
I, [2015-04-24T14:14:53.198160 #27722]  INFO -- Kitchen: -----> Converging <default-ubuntu-1404>...
E, [2015-04-24T14:21:25.615737 #27722] ERROR -- Kitchen: Converge failed on instance <default-ubuntu-1404>.
I, [2015-04-24T14:28:36.473552 #30063]  INFO -- Kitchen: -----> Starting Kitchen (v1.3.1)
I, [2015-04-24T14:28:36.922324 #30063]  INFO -- Kitchen: -----> Creating <default-package-ubuntu-1404>...
I, [2015-04-24T14:31:27.119494 #30063]  INFO -- Kitchen: -----> Converging <default-package-ubuntu-1404>...
E, [2015-04-24T14:37:06.886198 #30063] ERROR -- Kitchen: Converge failed on instance <default-package-ubuntu-1404>.
I, [2015-04-24T15:24:31.588057 #1309]  INFO -- Kitchen: -----> Starting Kitchen (v1.3.1)
I, [2015-04-24T15:24:31.947779 #1309]  INFO -- Kitchen: -----> Converging <default-package-ubuntu-1404>...
E, [2015-04-24T15:25:08.976703 #1309] ERROR -- Kitchen: Converge failed on instance <default-package-ubuntu-1404>.
I, [2015-04-24T15:26:42.071159 #1407]  INFO -- Kitchen: -----> Starting Kitchen (v1.3.1)
I, [2015-04-24T15:26:42.542059 #1407]  INFO -- Kitchen: -----> Converging <default-package-ubuntu-1404>...
E, [2015-04-24T15:27:08.012225 #1407] ERROR -- Kitchen: Converge failed on instance <default-package-ubuntu-1404>.
I, [2015-04-24T15:50:18.410593 #1647]  INFO -- Kitchen: -----> Starting Kitchen (v1.3.1)
I, [2015-04-24T15:50:18.779887 #1647]  INFO -- Kitchen: -----> Converging <default-package-ubuntu-1404>...
I, [2015-04-24T15:50:44.082443 #1647]  INFO -- Kitchen: -----> Creating <default-source-ubuntu-1404>...
I, [2015-04-24T15:53:48.559114 #1647]  INFO -- Kitchen: -----> Converging <default-source-ubuntu-1404>...
E, [2015-04-24T16:18:08.003962 #1647] ERROR -- Kitchen: Converge failed on instance <default-source-ubuntu-1404>.
I, [2015-04-24T16:18:23.857973 #10878]  INFO -- Kitchen: -----> Starting Kitchen (v1.3.1)
I, [2015-04-24T16:18:24.209855 #10878]  INFO -- Kitchen: -----> Converging <default-package-ubuntu-1404>...
E, [2015-04-24T16:18:51.621471 #10878] ERROR -- Kitchen: Converge failed on instance <default-package-ubuntu-1404>.
I, [2015-04-24T16:19:29.036149 #11201]  INFO -- Kitchen: -----> Starting Kitchen (v1.3.1)
I, [2015-04-24T16:19:29.414070 #11201]  INFO -- Kitchen: -----> Converging <default-package-ubuntu-1404>...
I, [2015-04-24T16:21:37.560270 #11201]  INFO -- Kitchen: -----> Converging <default-source-ubuntu-1404>...
E, [2015-04-24T16:22:44.423003 #11201] ERROR -- Kitchen: Converge failed on instance <default-source-ubuntu-1404>.
I, [2015-04-24T16:24:26.206765 #13170]  INFO -- Kitchen: -----> Starting Kitchen (v1.3.1)
I, [2015-04-24T16:24:26.582251 #13170]  INFO -- Kitchen: -----> Converging <default-package-ubuntu-1404>...
I, [2015-04-24T16:24:52.033677 #13170]  INFO -- Kitchen: -----> Converging <default-source-ubuntu-1404>...
E, [2015-04-24T16:25:26.825251 #13170] ERROR -- Kitchen: Converge failed on instance <default-source-ubuntu-1404>.
I, [2015-04-24T16:31:12.288425 #13805]  INFO -- Kitchen: -----> Starting Kitchen (v1.3.1)
I, [2015-04-24T16:31:12.655338 #13805]  INFO -- Kitchen: -----> Converging <default-package-ubuntu-1404>...
I, [2015-04-24T16:31:37.197020 #13805]  INFO -- Kitchen: -----> Converging <default-source-ubuntu-1404>...
I, [2015-04-24T16:32:01.692311 #13805]  INFO -- Kitchen: -----> Kitchen is finished. (0m49.40s)
I, [2015-04-24T16:35:16.375179 #14059]  INFO -- Kitchen: -----> Starting Kitchen (v1.3.1)
I, [2015-04-24T16:35:16.734293 #14059]  INFO -- Kitchen: -----> Converging <default-package-ubuntu-1404>...
I, [2015-04-24T16:35:21.163854 #14111]  INFO -- Kitchen: -----> Starting Kitchen (v1.3.1)
I, [2015-04-24T16:35:21.525050 #14111]  INFO -- Kitchen: -----> Creating <default-package-ubuntu-1404>...
E, [2015-04-24T16:35:49.675158 #14111] ERROR -- Kitchen: ------Exception-------
E, [2015-04-24T16:35:49.675195 #14111] ERROR -- Kitchen: Class: Kitchen::ActionFailed
E, [2015-04-24T16:35:49.675219 #14111] ERROR -- Kitchen: Message: Failed to complete #create action: [Expected process to exit with [0], but received '1'
---- Begin output of vagrant ssh-config ----
STDOUT: 
STDERR: The provider for this Vagrant-managed machine is reporting that it
is not yet ready for SSH. Depending on your provider this can carry
different meanings. Make sure your machine is created and running and
try again. Additionally, check the output of `vagrant status` to verify
that the machine is in the state that you expect. If you continue to
get this error message, please view the documentation for the provider
you're using.
---- End output of vagrant ssh-config ----
Ran vagrant ssh-config returned 1]
E, [2015-04-24T16:35:49.675235 #14111] ERROR -- Kitchen: ---Nested Exception---
E, [2015-04-24T16:35:49.675248 #14111] ERROR -- Kitchen: Class: Kitchen::ShellOut::ShellCommandFailed
E, [2015-04-24T16:35:49.675261 #14111] ERROR -- Kitchen: Message: Expected process to exit with [0], but received '1'
---- Begin output of vagrant ssh-config ----
STDOUT: 
STDERR: The provider for this Vagrant-managed machine is reporting that it
is not yet ready for SSH. Depending on your provider this can carry
different meanings. Make sure your machine is created and running and
try again. Additionally, check the output of `vagrant status` to verify
that the machine is in the state that you expect. If you continue to
get this error message, please view the documentation for the provider
you're using.
---- End output of vagrant ssh-config ----
Ran vagrant ssh-config returned 1
E, [2015-04-24T16:35:49.675275 #14111] ERROR -- Kitchen: ------Backtrace-------
E, [2015-04-24T16:35:49.675288 #14111] ERROR -- Kitchen: /home/prambaud/.rbenv/versions/2.1.5/lib/ruby/gems/2.1.0/gems/test-kitchen-1.3.1/lib/kitchen/shell_out.rb:69:in `rescue in run_command'
E, [2015-04-24T16:35:49.675313 #14111] ERROR -- Kitchen: /home/prambaud/.rbenv/versions/2.1.5/lib/ruby/gems/2.1.0/gems/test-kitchen-1.3.1/lib/kitchen/shell_out.rb:59:in `run_command'
E, [2015-04-24T16:35:49.675328 #14111] ERROR -- Kitchen: /home/prambaud/.rbenv/versions/2.1.5/lib/ruby/gems/2.1.0/gems/test-kitchen-1.3.1/lib/kitchen/driver/base.rb:182:in `run_command'
E, [2015-04-24T16:35:49.675341 #14111] ERROR -- Kitchen: /home/prambaud/.rbenv/versions/2.1.5/lib/ruby/gems/2.1.0/gems/kitchen-vagrant-0.16.0/lib/kitchen/driver/vagrant.rb:250:in `run'
E, [2015-04-24T16:35:49.675354 #14111] ERROR -- Kitchen: /home/prambaud/.rbenv/versions/2.1.5/lib/ruby/gems/2.1.0/gems/kitchen-vagrant-0.16.0/lib/kitchen/driver/vagrant.rb:270:in `run_silently'
E, [2015-04-24T16:35:49.675366 #14111] ERROR -- Kitchen: /home/prambaud/.rbenv/versions/2.1.5/lib/ruby/gems/2.1.0/gems/kitchen-vagrant-0.16.0/lib/kitchen/driver/vagrant.rb:311:in `vagrant_ssh_config'
E, [2015-04-24T16:35:49.675379 #14111] ERROR -- Kitchen: /home/prambaud/.rbenv/versions/2.1.5/lib/ruby/gems/2.1.0/gems/kitchen-vagrant-0.16.0/lib/kitchen/driver/vagrant.rb:288:in `update_state'
E, [2015-04-24T16:35:49.675392 #14111] ERROR -- Kitchen: /home/prambaud/.rbenv/versions/2.1.5/lib/ruby/gems/2.1.0/gems/kitchen-vagrant-0.16.0/lib/kitchen/driver/vagrant.rb:79:in `create'
E, [2015-04-24T16:35:49.675405 #14111] ERROR -- Kitchen: /home/prambaud/.rbenv/versions/2.1.5/lib/ruby/gems/2.1.0/gems/test-kitchen-1.3.1/lib/kitchen/instance.rb:352:in `public_send'
E, [2015-04-24T16:35:49.675418 #14111] ERROR -- Kitchen: /home/prambaud/.rbenv/versions/2.1.5/lib/ruby/gems/2.1.0/gems/test-kitchen-1.3.1/lib/kitchen/instance.rb:352:in `block in perform_action'
E, [2015-04-24T16:35:49.675450 #14111] ERROR -- Kitchen: /home/prambaud/.rbenv/versions/2.1.5/lib/ruby/gems/2.1.0/gems/test-kitchen-1.3.1/lib/kitchen/instance.rb:413:in `call'
E, [2015-04-24T16:35:49.675464 #14111] ERROR -- Kitchen: /home/prambaud/.rbenv/versions/2.1.5/lib/ruby/gems/2.1.0/gems/test-kitchen-1.3.1/lib/kitchen/instance.rb:413:in `block in synchronize_or_call'
E, [2015-04-24T16:35:49.675476 #14111] ERROR -- Kitchen: /home/prambaud/.rbenv/versions/2.1.5/lib/ruby/gems/2.1.0/gems/test-kitchen-1.3.1/lib/kitchen/instance.rb:411:in `synchronize'
E, [2015-04-24T16:35:49.675492 #14111] ERROR -- Kitchen: /home/prambaud/.rbenv/versions/2.1.5/lib/ruby/gems/2.1.0/gems/test-kitchen-1.3.1/lib/kitchen/instance.rb:411:in `synchronize_or_call'
E, [2015-04-24T16:35:49.675506 #14111] ERROR -- Kitchen: /home/prambaud/.rbenv/versions/2.1.5/lib/ruby/gems/2.1.0/gems/test-kitchen-1.3.1/lib/kitchen/instance.rb:381:in `block in action'
E, [2015-04-24T16:35:49.675519 #14111] ERROR -- Kitchen: /home/prambaud/.rbenv/versions/2.1.5/lib/ruby/2.1.0/benchmark.rb:279:in `measure'
E, [2015-04-24T16:35:49.675532 #14111] ERROR -- Kitchen: /home/prambaud/.rbenv/versions/2.1.5/lib/ruby/gems/2.1.0/gems/test-kitchen-1.3.1/lib/kitchen/instance.rb:380:in `action'
E, [2015-04-24T16:35:49.675545 #14111] ERROR -- Kitchen: /home/prambaud/.rbenv/versions/2.1.5/lib/ruby/gems/2.1.0/gems/test-kitchen-1.3.1/lib/kitchen/instance.rb:352:in `perform_action'
E, [2015-04-24T16:35:49.675558 #14111] ERROR -- Kitchen: /home/prambaud/.rbenv/versions/2.1.5/lib/ruby/gems/2.1.0/gems/test-kitchen-1.3.1/lib/kitchen/instance.rb:303:in `create_action'
E, [2015-04-24T16:35:49.675571 #14111] ERROR -- Kitchen: /home/prambaud/.rbenv/versions/2.1.5/lib/ruby/gems/2.1.0/gems/test-kitchen-1.3.1/lib/kitchen/instance.rb:292:in `block in transition_to'
E, [2015-04-24T16:35:49.675583 #14111] ERROR -- Kitchen: /home/prambaud/.rbenv/versions/2.1.5/lib/ruby/gems/2.1.0/gems/test-kitchen-1.3.1/lib/kitchen/instance.rb:291:in `each'
E, [2015-04-24T16:35:49.675597 #14111] ERROR -- Kitchen: /home/prambaud/.rbenv/versions/2.1.5/lib/ruby/gems/2.1.0/gems/test-kitchen-1.3.1/lib/kitchen/instance.rb:291:in `transition_to'
E, [2015-04-24T16:35:49.675610 #14111] ERROR -- Kitchen: /home/prambaud/.rbenv/versions/2.1.5/lib/ruby/gems/2.1.0/gems/test-kitchen-1.3.1/lib/kitchen/instance.rb:119:in `create'
E, [2015-04-24T16:35:49.675623 #14111] ERROR -- Kitchen: /home/prambaud/.rbenv/versions/2.1.5/lib/ruby/gems/2.1.0/gems/test-kitchen-1.3.1/lib/kitchen/command.rb:176:in `public_send'
E, [2015-04-24T16:35:49.675636 #14111] ERROR -- Kitchen: /home/prambaud/.rbenv/versions/2.1.5/lib/ruby/gems/2.1.0/gems/test-kitchen-1.3.1/lib/kitchen/command.rb:176:in `block (2 levels) in run_action'
E, [2015-04-24T16:35:49.675649 #14111] ERROR -- Kitchen: ----------------------
I, [2015-04-24T16:36:18.938986 #16080]  INFO -- Kitchen: -----> Starting Kitchen (v1.3.1)
I, [2015-04-24T16:36:19.314318 #16080]  INFO -- Kitchen: -----> Converging <default-package-ubuntu-1404>...
E, [2015-04-24T16:36:21.835366 #16080] ERROR -- Kitchen: ------Exception-------
E, [2015-04-24T16:36:21.835407 #16080] ERROR -- Kitchen: Class: Kitchen::ActionFailed
E, [2015-04-24T16:36:21.835433 #16080] ERROR -- Kitchen: Message: Failed to complete #converge action: [Connection refused - connect(2) for "127.0.0.1" port 2211]
E, [2015-04-24T16:36:21.835458 #16080] ERROR -- Kitchen: ---Nested Exception---
E, [2015-04-24T16:36:21.835482 #16080] ERROR -- Kitchen: Class: Errno::ECONNREFUSED
E, [2015-04-24T16:36:21.835505 #16080] ERROR -- Kitchen: Message: Connection refused - connect(2) for "127.0.0.1" port 2211
E, [2015-04-24T16:36:21.835529 #16080] ERROR -- Kitchen: ------Backtrace-------
E, [2015-04-24T16:36:21.835551 #16080] ERROR -- Kitchen: /home/prambaud/.rbenv/versions/2.1.5/lib/ruby/gems/2.1.0/gems/net-ssh-2.9.2/lib/net/ssh/transport/session.rb:70:in `initialize'
E, [2015-04-24T16:36:21.835577 #16080] ERROR -- Kitchen: /home/prambaud/.rbenv/versions/2.1.5/lib/ruby/gems/2.1.0/gems/net-ssh-2.9.2/lib/net/ssh/transport/session.rb:70:in `open'
E, [2015-04-24T16:36:21.835611 #16080] ERROR -- Kitchen: /home/prambaud/.rbenv/versions/2.1.5/lib/ruby/gems/2.1.0/gems/net-ssh-2.9.2/lib/net/ssh/transport/session.rb:70:in `block in initialize'
E, [2015-04-24T16:36:21.835637 #16080] ERROR -- Kitchen: /home/prambaud/.rbenv/versions/2.1.5/lib/ruby/2.1.0/timeout.rb:76:in `timeout'
E, [2015-04-24T16:36:21.835694 #16080] ERROR -- Kitchen: /home/prambaud/.rbenv/versions/2.1.5/lib/ruby/2.1.0/timeout.rb:127:in `timeout'
E, [2015-04-24T16:36:21.835725 #16080] ERROR -- Kitchen: /home/prambaud/.rbenv/versions/2.1.5/lib/ruby/gems/2.1.0/gems/net-ssh-2.9.2/lib/net/ssh/transport/session.rb:67:in `initialize'
E, [2015-04-24T16:36:21.835752 #16080] ERROR -- Kitchen: /home/prambaud/.rbenv/versions/2.1.5/lib/ruby/gems/2.1.0/gems/net-ssh-2.9.2/lib/net/ssh.rb:207:in `new'
E, [2015-04-24T16:36:21.835779 #16080] ERROR -- Kitchen: /home/prambaud/.rbenv/versions/2.1.5/lib/ruby/gems/2.1.0/gems/net-ssh-2.9.2/lib/net/ssh.rb:207:in `start'
E, [2015-04-24T16:36:21.835826 #16080] ERROR -- Kitchen: /home/prambaud/.rbenv/versions/2.1.5/lib/ruby/gems/2.1.0/gems/test-kitchen-1.3.1/lib/kitchen/ssh.rb:201:in `establish_connection'
E, [2015-04-24T16:36:21.835850 #16080] ERROR -- Kitchen: /home/prambaud/.rbenv/versions/2.1.5/lib/ruby/gems/2.1.0/gems/test-kitchen-1.3.1/lib/kitchen/ssh.rb:184:in `session'
E, [2015-04-24T16:36:21.835888 #16080] ERROR -- Kitchen: /home/prambaud/.rbenv/versions/2.1.5/lib/ruby/gems/2.1.0/gems/test-kitchen-1.3.1/lib/kitchen/ssh.rb:236:in `exec_with_exit'
E, [2015-04-24T16:36:21.835931 #16080] ERROR -- Kitchen: /home/prambaud/.rbenv/versions/2.1.5/lib/ruby/gems/2.1.0/gems/test-kitchen-1.3.1/lib/kitchen/ssh.rb:81:in `exec'
E, [2015-04-24T16:36:21.835964 #16080] ERROR -- Kitchen: /home/prambaud/.rbenv/versions/2.1.5/lib/ruby/gems/2.1.0/gems/test-kitchen-1.3.1/lib/kitchen/driver/ssh_base.rb:150:in `run_remote'
E, [2015-04-24T16:36:21.835999 #16080] ERROR -- Kitchen: /home/prambaud/.rbenv/versions/2.1.5/lib/ruby/gems/2.1.0/gems/test-kitchen-1.3.1/lib/kitchen/driver/ssh_base.rb:46:in `block in converge'
E, [2015-04-24T16:36:21.836024 #16080] ERROR -- Kitchen: /home/prambaud/.rbenv/versions/2.1.5/lib/ruby/gems/2.1.0/gems/test-kitchen-1.3.1/lib/kitchen/ssh.rb:70:in `initialize'
E, [2015-04-24T16:36:21.836047 #16080] ERROR -- Kitchen: /home/prambaud/.rbenv/versions/2.1.5/lib/ruby/gems/2.1.0/gems/test-kitchen-1.3.1/lib/kitchen/driver/ssh_base.rb:45:in `new'
E, [2015-04-24T16:36:21.836073 #16080] ERROR -- Kitchen: /home/prambaud/.rbenv/versions/2.1.5/lib/ruby/gems/2.1.0/gems/test-kitchen-1.3.1/lib/kitchen/driver/ssh_base.rb:45:in `converge'
E, [2015-04-24T16:36:21.836096 #16080] ERROR -- Kitchen: /home/prambaud/.rbenv/versions/2.1.5/lib/ruby/gems/2.1.0/gems/test-kitchen-1.3.1/lib/kitchen/instance.rb:352:in `public_send'
E, [2015-04-24T16:36:21.836124 #16080] ERROR -- Kitchen: /home/prambaud/.rbenv/versions/2.1.5/lib/ruby/gems/2.1.0/gems/test-kitchen-1.3.1/lib/kitchen/instance.rb:352:in `block in perform_action'
E, [2015-04-24T16:36:21.836167 #16080] ERROR -- Kitchen: /home/prambaud/.rbenv/versions/2.1.5/lib/ruby/gems/2.1.0/gems/test-kitchen-1.3.1/lib/kitchen/instance.rb:416:in `call'
E, [2015-04-24T16:36:21.836198 #16080] ERROR -- Kitchen: /home/prambaud/.rbenv/versions/2.1.5/lib/ruby/gems/2.1.0/gems/test-kitchen-1.3.1/lib/kitchen/instance.rb:416:in `synchronize_or_call'
E, [2015-04-24T16:36:21.836244 #16080] ERROR -- Kitchen: /home/prambaud/.rbenv/versions/2.1.5/lib/ruby/gems/2.1.0/gems/test-kitchen-1.3.1/lib/kitchen/instance.rb:381:in `block in action'
E, [2015-04-24T16:36:21.836304 #16080] ERROR -- Kitchen: /home/prambaud/.rbenv/versions/2.1.5/lib/ruby/2.1.0/benchmark.rb:279:in `measure'
E, [2015-04-24T16:36:21.836345 #16080] ERROR -- Kitchen: /home/prambaud/.rbenv/versions/2.1.5/lib/ruby/gems/2.1.0/gems/test-kitchen-1.3.1/lib/kitchen/instance.rb:380:in `action'
E, [2015-04-24T16:36:21.836390 #16080] ERROR -- Kitchen: /home/prambaud/.rbenv/versions/2.1.5/lib/ruby/gems/2.1.0/gems/test-kitchen-1.3.1/lib/kitchen/instance.rb:352:in `perform_action'
E, [2015-04-24T16:36:21.836415 #16080] ERROR -- Kitchen: /home/prambaud/.rbenv/versions/2.1.5/lib/ruby/gems/2.1.0/gems/test-kitchen-1.3.1/lib/kitchen/instance.rb:312:in `converge_action'
E, [2015-04-24T16:36:21.836464 #16080] ERROR -- Kitchen: /home/prambaud/.rbenv/versions/2.1.5/lib/ruby/gems/2.1.0/gems/test-kitchen-1.3.1/lib/kitchen/instance.rb:292:in `block in transition_to'
E, [2015-04-24T16:36:21.836491 #16080] ERROR -- Kitchen: /home/prambaud/.rbenv/versions/2.1.5/lib/ruby/gems/2.1.0/gems/test-kitchen-1.3.1/lib/kitchen/instance.rb:291:in `each'
E, [2015-04-24T16:36:21.836533 #16080] ERROR -- Kitchen: /home/prambaud/.rbenv/versions/2.1.5/lib/ruby/gems/2.1.0/gems/test-kitchen-1.3.1/lib/kitchen/instance.rb:291:in `transition_to'
E, [2015-04-24T16:36:21.836559 #16080] ERROR -- Kitchen: /home/prambaud/.rbenv/versions/2.1.5/lib/ruby/gems/2.1.0/gems/test-kitchen-1.3.1/lib/kitchen/instance.rb:130:in `converge'
E, [2015-04-24T16:36:21.836583 #16080] ERROR -- Kitchen: /home/prambaud/.rbenv/versions/2.1.5/lib/ruby/gems/2.1.0/gems/test-kitchen-1.3.1/lib/kitchen/command.rb:176:in `public_send'
E, [2015-04-24T16:36:21.836608 #16080] ERROR -- Kitchen: /home/prambaud/.rbenv/versions/2.1.5/lib/ruby/gems/2.1.0/gems/test-kitchen-1.3.1/lib/kitchen/command.rb:176:in `block (2 levels) in run_action'
E, [2015-04-24T16:36:21.836633 #16080] ERROR -- Kitchen: ----------------------
I, [2015-04-24T16:38:58.336563 #16488]  INFO -- Kitchen: -----> Starting Kitchen (v1.3.1)
I, [2015-04-24T16:38:58.703841 #16488]  INFO -- Kitchen: -----> Creating <default-package-ubuntu-1404>...
E, [2015-04-24T16:39:03.842310 #16488] ERROR -- Kitchen: ------Exception-------
E, [2015-04-24T16:39:03.842342 #16488] ERROR -- Kitchen: Class: Kitchen::ActionFailed
E, [2015-04-24T16:39:03.842358 #16488] ERROR -- Kitchen: Message: Failed to complete #create action: [Expected process to exit with [0], but received '1'
---- Begin output of vagrant ssh-config ----
STDOUT: 
STDERR: The provider for this Vagrant-managed machine is reporting that it
is not yet ready for SSH. Depending on your provider this can carry
different meanings. Make sure your machine is created and running and
try again. Additionally, check the output of `vagrant status` to verify
that the machine is in the state that you expect. If you continue to
get this error message, please view the documentation for the provider
you're using.
---- End output of vagrant ssh-config ----
Ran vagrant ssh-config returned 1]
E, [2015-04-24T16:39:03.842373 #16488] ERROR -- Kitchen: ---Nested Exception---
E, [2015-04-24T16:39:03.842386 #16488] ERROR -- Kitchen: Class: Kitchen::ShellOut::ShellCommandFailed
E, [2015-04-24T16:39:03.842400 #16488] ERROR -- Kitchen: Message: Expected process to exit with [0], but received '1'
---- Begin output of vagrant ssh-config ----
STDOUT: 
STDERR: The provider for this Vagrant-managed machine is reporting that it
is not yet ready for SSH. Depending on your provider this can carry
different meanings. Make sure your machine is created and running and
try again. Additionally, check the output of `vagrant status` to verify
that the machine is in the state that you expect. If you continue to
get this error message, please view the documentation for the provider
you're using.
---- End output of vagrant ssh-config ----
Ran vagrant ssh-config returned 1
E, [2015-04-24T16:39:03.842414 #16488] ERROR -- Kitchen: ------Backtrace-------
E, [2015-04-24T16:39:03.842428 #16488] ERROR -- Kitchen: /home/prambaud/.rbenv/versions/2.1.5/lib/ruby/gems/2.1.0/gems/test-kitchen-1.3.1/lib/kitchen/shell_out.rb:69:in `rescue in run_command'
E, [2015-04-24T16:39:03.842454 #16488] ERROR -- Kitchen: /home/prambaud/.rbenv/versions/2.1.5/lib/ruby/gems/2.1.0/gems/test-kitchen-1.3.1/lib/kitchen/shell_out.rb:59:in `run_command'
E, [2015-04-24T16:39:03.842512 #16488] ERROR -- Kitchen: /home/prambaud/.rbenv/versions/2.1.5/lib/ruby/gems/2.1.0/gems/test-kitchen-1.3.1/lib/kitchen/driver/base.rb:182:in `run_command'
E, [2015-04-24T16:39:03.842539 #16488] ERROR -- Kitchen: /home/prambaud/.rbenv/versions/2.1.5/lib/ruby/gems/2.1.0/gems/kitchen-vagrant-0.16.0/lib/kitchen/driver/vagrant.rb:250:in `run'
E, [2015-04-24T16:39:03.842553 #16488] ERROR -- Kitchen: /home/prambaud/.rbenv/versions/2.1.5/lib/ruby/gems/2.1.0/gems/kitchen-vagrant-0.16.0/lib/kitchen/driver/vagrant.rb:270:in `run_silently'
E, [2015-04-24T16:39:03.842578 #16488] ERROR -- Kitchen: /home/prambaud/.rbenv/versions/2.1.5/lib/ruby/gems/2.1.0/gems/kitchen-vagrant-0.16.0/lib/kitchen/driver/vagrant.rb:311:in `vagrant_ssh_config'
E, [2015-04-24T16:39:03.842592 #16488] ERROR -- Kitchen: /home/prambaud/.rbenv/versions/2.1.5/lib/ruby/gems/2.1.0/gems/kitchen-vagrant-0.16.0/lib/kitchen/driver/vagrant.rb:288:in `update_state'
E, [2015-04-24T16:39:03.842613 #16488] ERROR -- Kitchen: /home/prambaud/.rbenv/versions/2.1.5/lib/ruby/gems/2.1.0/gems/kitchen-vagrant-0.16.0/lib/kitchen/driver/vagrant.rb:79:in `create'
E, [2015-04-24T16:39:03.842628 #16488] ERROR -- Kitchen: /home/prambaud/.rbenv/versions/2.1.5/lib/ruby/gems/2.1.0/gems/test-kitchen-1.3.1/lib/kitchen/instance.rb:352:in `public_send'
E, [2015-04-24T16:39:03.842641 #16488] ERROR -- Kitchen: /home/prambaud/.rbenv/versions/2.1.5/lib/ruby/gems/2.1.0/gems/test-kitchen-1.3.1/lib/kitchen/instance.rb:352:in `block in perform_action'
E, [2015-04-24T16:39:03.842655 #16488] ERROR -- Kitchen: /home/prambaud/.rbenv/versions/2.1.5/lib/ruby/gems/2.1.0/gems/test-kitchen-1.3.1/lib/kitchen/instance.rb:413:in `call'
E, [2015-04-24T16:39:03.842668 #16488] ERROR -- Kitchen: /home/prambaud/.rbenv/versions/2.1.5/lib/ruby/gems/2.1.0/gems/test-kitchen-1.3.1/lib/kitchen/instance.rb:413:in `block in synchronize_or_call'
E, [2015-04-24T16:39:03.842681 #16488] ERROR -- Kitchen: /home/prambaud/.rbenv/versions/2.1.5/lib/ruby/gems/2.1.0/gems/test-kitchen-1.3.1/lib/kitchen/instance.rb:411:in `synchronize'
E, [2015-04-24T16:39:03.842694 #16488] ERROR -- Kitchen: /home/prambaud/.rbenv/versions/2.1.5/lib/ruby/gems/2.1.0/gems/test-kitchen-1.3.1/lib/kitchen/instance.rb:411:in `synchronize_or_call'
E, [2015-04-24T16:39:03.842708 #16488] ERROR -- Kitchen: /home/prambaud/.rbenv/versions/2.1.5/lib/ruby/gems/2.1.0/gems/test-kitchen-1.3.1/lib/kitchen/instance.rb:381:in `block in action'
E, [2015-04-24T16:39:03.842721 #16488] ERROR -- Kitchen: /home/prambaud/.rbenv/versions/2.1.5/lib/ruby/2.1.0/benchmark.rb:279:in `measure'
E, [2015-04-24T16:39:03.842734 #16488] ERROR -- Kitchen: /home/prambaud/.rbenv/versions/2.1.5/lib/ruby/gems/2.1.0/gems/test-kitchen-1.3.1/lib/kitchen/instance.rb:380:in `action'
E, [2015-04-24T16:39:03.842747 #16488] ERROR -- Kitchen: /home/prambaud/.rbenv/versions/2.1.5/lib/ruby/gems/2.1.0/gems/test-kitchen-1.3.1/lib/kitchen/instance.rb:352:in `perform_action'
E, [2015-04-24T16:39:03.842761 #16488] ERROR -- Kitchen: /home/prambaud/.rbenv/versions/2.1.5/lib/ruby/gems/2.1.0/gems/test-kitchen-1.3.1/lib/kitchen/instance.rb:303:in `create_action'
E, [2015-04-24T16:39:03.842804 #16488] ERROR -- Kitchen: /home/prambaud/.rbenv/versions/2.1.5/lib/ruby/gems/2.1.0/gems/test-kitchen-1.3.1/lib/kitchen/instance.rb:292:in `block in transition_to'
E, [2015-04-24T16:39:03.842818 #16488] ERROR -- Kitchen: /home/prambaud/.rbenv/versions/2.1.5/lib/ruby/gems/2.1.0/gems/test-kitchen-1.3.1/lib/kitchen/instance.rb:291:in `each'
E, [2015-04-24T16:39:03.842832 #16488] ERROR -- Kitchen: /home/prambaud/.rbenv/versions/2.1.5/lib/ruby/gems/2.1.0/gems/test-kitchen-1.3.1/lib/kitchen/instance.rb:291:in `transition_to'
E, [2015-04-24T16:39:03.842845 #16488] ERROR -- Kitchen: /home/prambaud/.rbenv/versions/2.1.5/lib/ruby/gems/2.1.0/gems/test-kitchen-1.3.1/lib/kitchen/instance.rb:119:in `create'
E, [2015-04-24T16:39:03.842858 #16488] ERROR -- Kitchen: /home/prambaud/.rbenv/versions/2.1.5/lib/ruby/gems/2.1.0/gems/test-kitchen-1.3.1/lib/kitchen/command.rb:176:in `public_send'
E, [2015-04-24T16:39:03.842871 #16488] ERROR -- Kitchen: /home/prambaud/.rbenv/versions/2.1.5/lib/ruby/gems/2.1.0/gems/test-kitchen-1.3.1/lib/kitchen/command.rb:176:in `block (2 levels) in run_action'
E, [2015-04-24T16:39:03.842884 #16488] ERROR -- Kitchen: ----------------------
I, [2015-04-24T16:39:06.201372 #16881]  INFO -- Kitchen: -----> Starting Kitchen (v1.3.1)
I, [2015-04-24T16:39:06.588402 #16881]  INFO -- Kitchen: -----> Creating <default-package-ubuntu-1404>...
I, [2015-04-24T16:39:32.068472 #16881]  INFO -- Kitchen: -----> Kitchen is finished. (0m25.87s)
I, [2015-04-24T16:39:36.670104 #18292]  INFO -- Kitchen: -----> Starting Kitchen (v1.3.1)
I, [2015-04-24T16:39:37.031889 #18292]  INFO -- Kitchen: -----> Converging <default-package-ubuntu-1404>...
E, [2015-04-24T16:41:11.686897 #18292] ERROR -- Kitchen: Converge failed on instance <default-package-ubuntu-1404>.
I, [2015-04-24T16:43:10.007762 #18809]  INFO -- Kitchen: -----> Starting Kitchen (v1.3.1)
I, [2015-04-24T16:43:10.385635 #18809]  INFO -- Kitchen: -----> Converging <default-package-ubuntu-1404>...
E, [2015-04-24T16:43:40.551703 #18809] ERROR -- Kitchen: Converge failed on instance <default-package-ubuntu-1404>.
I, [2015-04-24T16:47:36.490690 #19753]  INFO -- Kitchen: -----> Starting Kitchen (v1.3.1)
I, [2015-04-24T16:47:36.863313 #19753]  INFO -- Kitchen: -----> Converging <default-package-ubuntu-1404>...
I, [2015-04-24T16:48:02.239625 #19753]  INFO -- Kitchen: -----> Kitchen is finished. (0m25.75s)
